[0mCompiling "resources/public/cljs/tests/all-tests.js" from ["src" "test"]...[0m
[32mSuccessfully compiled "resources/public/cljs/tests/all-tests.js" in 0.67 seconds.[0m
notifying browser that file changed:  resources/public/cljs/tests/out/goog/deps.js
notifying browser that file changed:  resources/public/cljs/tests/out/cljs_deps.js
notifying browser that file changed:  out/runners/browser.js
[0mCompiling "resources/public/cljs/tests/all-tests.js" from ["src" "test"]...[0m
[32mSuccessfully compiled "resources/public/cljs/tests/all-tests.js" in 0.45 seconds.[0m
notifying browser that file changed:  resources/public/cljs/tests/out/goog/deps.js
notifying browser that file changed:  resources/public/cljs/tests/out/cljs_deps.js
notifying browser that file changed:  out/clojurescript_tdd_application/core_test.js
[0mCompiling "resources/public/cljs/tests/all-tests.js" from ["src" "test"]...[0m
[32mSuccessfully compiled "resources/public/cljs/tests/all-tests.js" in 0.334 seconds.[0m
notifying browser that file changed:  out/clojurescript_tdd_application/core_test.js
[0mCompiling "resources/public/cljs/tests/all-tests.js" from ["src" "test"]...[0m
[32mSuccessfully compiled "resources/public/cljs/tests/all-tests.js" in 0.28 seconds.[0m
notifying browser that file changed:  out/clojurescript_tdd_application/core_test.js
[0mCompiling "resources/public/cljs/tests/all-tests.js" from ["src" "test"]...[0m
[32mSuccessfully compiled "resources/public/cljs/tests/all-tests.js" in 0.314 seconds.[0m
notifying browser that file changed:  out/clojurescript_tdd_application/core_test.js
[0mCompiling "resources/public/cljs/tests/all-tests.js" from ["src" "test"]...[0m
[32mSuccessfully compiled "resources/public/cljs/tests/all-tests.js" in 0.343 seconds.[0m
notifying browser that file changed:  out/clojurescript_tdd_application/core_test.js
[0mCompiling "resources/public/cljs/tests/all-tests.js" from ["src" "test"]...[0m
[32mSuccessfully compiled "resources/public/cljs/tests/all-tests.js" in 0.428 seconds.[0m
notifying browser that file changed:  out/clojurescript_tdd_application/core_test.js
[0mCompiling "resources/public/cljs/tests/all-tests.js" from ["src" "test"]...[0m
[32mSuccessfully compiled "resources/public/cljs/tests/all-tests.js" in 0.31 seconds.[0m
notifying browser that file changed:  out/clojurescript_tdd_application/core_test.js
